<?xml version="1.0" encoding="UTF-8"?>
<robot generator="Robot 3.2.1 (Python 3.8.2 on win32)" generated="20200726 19:08:23.963" rpa="false">
<suite id="s1" name="Testcase" source="D:\learn-automated-testing\code\RF\day5\homework\testcase">
<kw name="WebSetup" library="rc" type="setup">
<kw name="Open Browser" library="SeleniumLibrary">
<doc>Opens a new browser instance to the optional ``url``.</doc>
<arguments>
<arg>http://localhost</arg>
<arg>chrome</arg>
</arguments>
<msg timestamp="20200726 19:08:24.346" level="INFO">Opening browser 'chrome' to base url 'http://localhost'.</msg>
<status status="PASS" starttime="20200726 19:08:24.345" endtime="20200726 19:08:28.337"></status>
</kw>
<kw name="Set Selenium Implicit Wait" library="SeleniumLibrary">
<doc>Sets the implicit wait value used by Selenium.</doc>
<arguments>
<arg>10</arg>
</arguments>
<status status="PASS" starttime="20200726 19:08:28.338" endtime="20200726 19:08:28.344"></status>
</kw>
<status status="PASS" starttime="20200726 19:08:24.345" endtime="20200726 19:08:28.344"></status>
</kw>
<suite id="s1-s1" name="管理员操作" source="D:\learn-automated-testing\code\RF\day5\homework\testcase\管理员操作">
<kw name="loginwebsite" library="rc" type="setup">
<kw name="Go To" library="SeleniumLibrary">
<doc>Navigates the current browser window to the provided ``url``.</doc>
<arguments>
<arg>${test_env}</arg>
</arguments>
<msg timestamp="20200726 19:08:28.360" level="INFO">Opening url 'http://localhost/mgr/login/login.html'</msg>
<status status="PASS" starttime="20200726 19:08:28.360" endtime="20200726 19:08:28.856"></status>
</kw>
<kw name="Input Text" library="SeleniumLibrary">
<doc>Types the given ``text`` into the text field identified by ``locator``.</doc>
<arguments>
<arg>id=username</arg>
<arg>${user2}[name]</arg>
</arguments>
<msg timestamp="20200726 19:08:28.858" level="INFO">Typing text 'auto' into text field 'id=username'.</msg>
<status status="PASS" starttime="20200726 19:08:28.857" endtime="20200726 19:08:28.980"></status>
</kw>
<kw name="Input Text" library="SeleniumLibrary">
<doc>Types the given ``text`` into the text field identified by ``locator``.</doc>
<arguments>
<arg>id=password</arg>
<arg>${user2}[psw]</arg>
</arguments>
<msg timestamp="20200726 19:08:28.981" level="INFO">Typing text 'sdfsdfsdf' into text field 'id=password'.</msg>
<status status="PASS" starttime="20200726 19:08:28.981" endtime="20200726 19:08:29.101"></status>
</kw>
<kw name="Click Element" library="SeleniumLibrary">
<doc>Click the element identified by ``locator``.</doc>
<arguments>
<arg>css=.btn-success</arg>
</arguments>
<msg timestamp="20200726 19:08:29.102" level="INFO">Clicking element 'css=.btn-success'.</msg>
<status status="PASS" starttime="20200726 19:08:29.102" endtime="20200726 19:08:29.185"></status>
</kw>
<status status="PASS" starttime="20200726 19:08:28.359" endtime="20200726 19:08:29.185"></status>
</kw>
<suite id="s1-s1-s1" name="老师管理" source="D:\learn-automated-testing\code\RF\day5\homework\testcase\管理员操作\老师管理">
<suite id="s1-s1-s1-s1" name="添加老师" source="D:\learn-automated-testing\code\RF\day5\homework\testcase\管理员操作\老师管理\添加老师.robot">
<test id="s1-s1-s1-s1-t1" name="用例1">
<kw name="Run Keywords" library="BuiltIn" type="setup">
<doc>Executes all the given keywords in a sequence.</doc>
<arguments>
<arg>deleteAllTeacher</arg>
<arg>AND</arg>
<arg>deleteAllLesson</arg>
<arg>AND</arg>
<arg>addCourse</arg>
<arg>初中语文</arg>
<arg>初中语文</arg>
<arg>1</arg>
<arg>AND</arg>
<arg>addCourse</arg>
<arg>初中数学</arg>
<arg>初中数学</arg>
<arg>2</arg>
</arguments>
<kw name="deleteAllTeacher" library="rc">
<kw name="Click Element" library="SeleniumLibrary">
<doc>Click the element identified by ``locator``.</doc>
<arguments>
<arg>css=[ui-sref="teacher"]</arg>
</arguments>
<msg timestamp="20200726 19:08:29.210" level="INFO">Clicking element 'css=[ui-sref="teacher"]'.</msg>
<status status="PASS" starttime="20200726 19:08:29.209" endtime="20200726 19:08:30.131"></status>
</kw>
<kw name="Set Selenium Implicit Wait" library="SeleniumLibrary">
<doc>Sets the implicit wait value used by Selenium.</doc>
<arguments>
<arg>2</arg>
</arguments>
<status status="PASS" starttime="20200726 19:08:30.132" endtime="20200726 19:08:30.133"></status>
</kw>
<kw name="${i} IN RANGE [ 9999 ]" type="for">
<kw name="${i} = 0" type="foritem">
<kw name="Get WebElements" library="SeleniumLibrary">
<doc>Returns a list of WebElement objects matching the ``locator``.</doc>
<arguments>
<arg>css=[ng-click="delOne(one)"</arg>
</arguments>
<assign>
<var>${del_btns}</var>
</assign>
<msg timestamp="20200726 19:08:30.386" level="INFO">${del_btns} = [&lt;selenium.webdriver.remote.webelement.WebElement (session="b0621b296bdd0fe28970e2ba7da48399", element="299fe6ed-6ef8-4251-a010-e1d24891ab9d")&gt;, &lt;selenium.webdriver.remote.webelement.WebElement (sessi...</msg>
<status status="PASS" starttime="20200726 19:08:30.133" endtime="20200726 19:08:30.386"></status>
</kw>
<kw name="Exit For Loop If" library="BuiltIn">
<doc>Stops executing the enclosing for loop if the ``condition`` is true.</doc>
<arguments>
<arg>$del_btns==[]</arg>
</arguments>
<status status="PASS" starttime="20200726 19:08:30.387" endtime="20200726 19:08:30.394"></status>
</kw>
<kw name="Click Element" library="SeleniumLibrary">
<doc>Click the element identified by ``locator``.</doc>
<arguments>
<arg>${del_btns}[0]</arg>
</arguments>
<msg timestamp="20200726 19:08:30.395" level="INFO">Clicking element '&lt;selenium.webdriver.remote.webelement.WebElement (session="b0621b296bdd0fe28970e2ba7da48399", element="299fe6ed-6ef8-4251-a010-e1d24891ab9d")&gt;'.</msg>
<status status="PASS" starttime="20200726 19:08:30.394" endtime="20200726 19:08:30.457"></status>
</kw>
<kw name="Click Element" library="SeleniumLibrary">
<doc>Click the element identified by ``locator``.</doc>
<arguments>
<arg>css=.btn-primary</arg>
</arguments>
<msg timestamp="20200726 19:08:30.457" level="INFO">Clicking element 'css=.btn-primary'.</msg>
<status status="PASS" starttime="20200726 19:08:30.457" endtime="20200726 19:08:30.732"></status>
</kw>
<kw name="Sleep" library="BuiltIn">
<doc>Pauses the test executed for the given time.</doc>
<arguments>
<arg>1</arg>
</arguments>
<msg timestamp="20200726 19:08:31.733" level="INFO">Slept 1 second</msg>
<status status="PASS" starttime="20200726 19:08:30.732" endtime="20200726 19:08:31.733"></status>
</kw>
<status status="PASS" starttime="20200726 19:08:30.133" endtime="20200726 19:08:31.733"></status>
</kw>
<kw name="${i} = 1" type="foritem">
<kw name="Get WebElements" library="SeleniumLibrary">
<doc>Returns a list of WebElement objects matching the ``locator``.</doc>
<arguments>
<arg>css=[ng-click="delOne(one)"</arg>
</arguments>
<assign>
<var>${del_btns}</var>
</assign>
<msg timestamp="20200726 19:08:31.742" level="INFO">${del_btns} = [&lt;selenium.webdriver.remote.webelement.WebElement (session="b0621b296bdd0fe28970e2ba7da48399", element="527cd634-901f-42aa-b65c-277702f92154")&gt;]</msg>
<status status="PASS" starttime="20200726 19:08:31.733" endtime="20200726 19:08:31.742"></status>
</kw>
<kw name="Exit For Loop If" library="BuiltIn">
<doc>Stops executing the enclosing for loop if the ``condition`` is true.</doc>
<arguments>
<arg>$del_btns==[]</arg>
</arguments>
<status status="PASS" starttime="20200726 19:08:31.742" endtime="20200726 19:08:31.742"></status>
</kw>
<kw name="Click Element" library="SeleniumLibrary">
<doc>Click the element identified by ``locator``.</doc>
<arguments>
<arg>${del_btns}[0]</arg>
</arguments>
<msg timestamp="20200726 19:08:31.743" level="INFO">Clicking element '&lt;selenium.webdriver.remote.webelement.WebElement (session="b0621b296bdd0fe28970e2ba7da48399", element="527cd634-901f-42aa-b65c-277702f92154")&gt;'.</msg>
<status status="PASS" starttime="20200726 19:08:31.742" endtime="20200726 19:08:31.783"></status>
</kw>
<kw name="Click Element" library="SeleniumLibrary">
<doc>Click the element identified by ``locator``.</doc>
<arguments>
<arg>css=.btn-primary</arg>
</arguments>
<msg timestamp="20200726 19:08:31.784" level="INFO">Clicking element 'css=.btn-primary'.</msg>
<status status="PASS" starttime="20200726 19:08:31.783" endtime="20200726 19:08:32.034"></status>
</kw>
<kw name="Sleep" library="BuiltIn">
<doc>Pauses the test executed for the given time.</doc>
<arguments>
<arg>1</arg>
</arguments>
<msg timestamp="20200726 19:08:33.036" level="INFO">Slept 1 second</msg>
<status status="PASS" starttime="20200726 19:08:32.034" endtime="20200726 19:08:33.036"></status>
</kw>
<status status="PASS" starttime="20200726 19:08:31.733" endtime="20200726 19:08:33.036"></status>
</kw>
<kw name="${i} = 2" type="foritem">
<kw name="Get WebElements" library="SeleniumLibrary">
<doc>Returns a list of WebElement objects matching the ``locator``.</doc>
<arguments>
<arg>css=[ng-click="delOne(one)"</arg>
</arguments>
<assign>
<var>${del_btns}</var>
</assign>
<msg timestamp="20200726 19:08:35.089" level="INFO">${del_btns} = []</msg>
<status status="PASS" starttime="20200726 19:08:33.036" endtime="20200726 19:08:35.089"></status>
</kw>
<kw name="Exit For Loop If" library="BuiltIn">
<doc>Stops executing the enclosing for loop if the ``condition`` is true.</doc>
<arguments>
<arg>$del_btns==[]</arg>
</arguments>
<msg timestamp="20200726 19:08:35.091" level="INFO">Exiting for loop altogether.</msg>
<status status="PASS" starttime="20200726 19:08:35.090" endtime="20200726 19:08:35.091"></status>
</kw>
<status status="PASS" starttime="20200726 19:08:33.036" endtime="20200726 19:08:35.091"></status>
</kw>
<status status="PASS" starttime="20200726 19:08:30.133" endtime="20200726 19:08:35.091"></status>
</kw>
<status status="PASS" starttime="20200726 19:08:29.208" endtime="20200726 19:08:35.092"></status>
</kw>
<kw name="deleteAllLesson" library="rc">
<kw name="Click Element" library="SeleniumLibrary">
<doc>Click the element identified by ``locator``.</doc>
<arguments>
<arg>css=[ui-sref="course"]</arg>
</arguments>
<msg timestamp="20200726 19:08:35.094" level="INFO">Clicking element 'css=[ui-sref="course"]'.</msg>
<status status="PASS" starttime="20200726 19:08:35.093" endtime="20200726 19:08:35.191"></status>
</kw>
<kw name="Set Selenium Implicit Wait" library="SeleniumLibrary">
<doc>Sets the implicit wait value used by Selenium.</doc>
<arguments>
<arg>2</arg>
</arguments>
<status status="PASS" starttime="20200726 19:08:35.191" endtime="20200726 19:08:35.193"></status>
</kw>
<kw name="${i} IN RANGE [ 9999 ]" type="for">
<kw name="${i} = 0" type="foritem">
<kw name="Get WebElements" library="SeleniumLibrary">
<doc>Returns a list of WebElement objects matching the ``locator``.</doc>
<arguments>
<arg>css=[ng-click="delOne(one)"</arg>
</arguments>
<assign>
<var>${del_btns}</var>
</assign>
<msg timestamp="20200726 19:08:35.219" level="INFO">${del_btns} = [&lt;selenium.webdriver.remote.webelement.WebElement (session="b0621b296bdd0fe28970e2ba7da48399", element="bd6ae897-4b9c-46e8-add8-23e643c498b9")&gt;, &lt;selenium.webdriver.remote.webelement.WebElement (sessi...</msg>
<status status="PASS" starttime="20200726 19:08:35.195" endtime="20200726 19:08:35.219"></status>
</kw>
<kw name="Exit For Loop If" library="BuiltIn">
<doc>Stops executing the enclosing for loop if the ``condition`` is true.</doc>
<arguments>
<arg>$del_btns==[]</arg>
</arguments>
<status status="PASS" starttime="20200726 19:08:35.219" endtime="20200726 19:08:35.220"></status>
</kw>
<kw name="Click Element" library="SeleniumLibrary">
<doc>Click the element identified by ``locator``.</doc>
<arguments>
<arg>${del_btns}[0]</arg>
</arguments>
<msg timestamp="20200726 19:08:35.222" level="INFO">Clicking element '&lt;selenium.webdriver.remote.webelement.WebElement (session="b0621b296bdd0fe28970e2ba7da48399", element="bd6ae897-4b9c-46e8-add8-23e643c498b9")&gt;'.</msg>
<status status="PASS" starttime="20200726 19:08:35.220" endtime="20200726 19:08:35.307"></status>
</kw>
<kw name="Click Element" library="SeleniumLibrary">
<doc>Click the element identified by ``locator``.</doc>
<arguments>
<arg>css=.btn-primary</arg>
</arguments>
<msg timestamp="20200726 19:08:35.308" level="INFO">Clicking element 'css=.btn-primary'.</msg>
<status status="PASS" starttime="20200726 19:08:35.308" endtime="20200726 19:08:35.566"></status>
</kw>
<kw name="Sleep" library="BuiltIn">
<doc>Pauses the test executed for the given time.</doc>
<arguments>
<arg>1</arg>
</arguments>
<msg timestamp="20200726 19:08:36.569" level="INFO">Slept 1 second</msg>
<status status="PASS" starttime="20200726 19:08:35.567" endtime="20200726 19:08:36.569"></status>
</kw>
<status status="PASS" starttime="20200726 19:08:35.195" endtime="20200726 19:08:36.569"></status>
</kw>
<kw name="${i} = 1" type="foritem">
<kw name="Get WebElements" library="SeleniumLibrary">
<doc>Returns a list of WebElement objects matching the ``locator``.</doc>
<arguments>
<arg>css=[ng-click="delOne(one)"</arg>
</arguments>
<assign>
<var>${del_btns}</var>
</assign>
<msg timestamp="20200726 19:08:36.578" level="INFO">${del_btns} = [&lt;selenium.webdriver.remote.webelement.WebElement (session="b0621b296bdd0fe28970e2ba7da48399", element="46369fe8-d133-4a13-90d9-6756fcd032fd")&gt;]</msg>
<status status="PASS" starttime="20200726 19:08:36.569" endtime="20200726 19:08:36.578"></status>
</kw>
<kw name="Exit For Loop If" library="BuiltIn">
<doc>Stops executing the enclosing for loop if the ``condition`` is true.</doc>
<arguments>
<arg>$del_btns==[]</arg>
</arguments>
<status status="PASS" starttime="20200726 19:08:36.578" endtime="20200726 19:08:36.579"></status>
</kw>
<kw name="Click Element" library="SeleniumLibrary">
<doc>Click the element identified by ``locator``.</doc>
<arguments>
<arg>${del_btns}[0]</arg>
</arguments>
<msg timestamp="20200726 19:08:36.579" level="INFO">Clicking element '&lt;selenium.webdriver.remote.webelement.WebElement (session="b0621b296bdd0fe28970e2ba7da48399", element="46369fe8-d133-4a13-90d9-6756fcd032fd")&gt;'.</msg>
<status status="PASS" starttime="20200726 19:08:36.579" endtime="20200726 19:08:36.629"></status>
</kw>
<kw name="Click Element" library="SeleniumLibrary">
<doc>Click the element identified by ``locator``.</doc>
<arguments>
<arg>css=.btn-primary</arg>
</arguments>
<msg timestamp="20200726 19:08:36.630" level="INFO">Clicking element 'css=.btn-primary'.</msg>
<status status="PASS" starttime="20200726 19:08:36.629" endtime="20200726 19:08:36.911"></status>
</kw>
<kw name="Sleep" library="BuiltIn">
<doc>Pauses the test executed for the given time.</doc>
<arguments>
<arg>1</arg>
</arguments>
<msg timestamp="20200726 19:08:37.911" level="INFO">Slept 1 second</msg>
<status status="PASS" starttime="20200726 19:08:36.911" endtime="20200726 19:08:37.911"></status>
</kw>
<status status="PASS" starttime="20200726 19:08:36.569" endtime="20200726 19:08:37.911"></status>
</kw>
<kw name="${i} = 2" type="foritem">
<kw name="Get WebElements" library="SeleniumLibrary">
<doc>Returns a list of WebElement objects matching the ``locator``.</doc>
<arguments>
<arg>css=[ng-click="delOne(one)"</arg>
</arguments>
<assign>
<var>${del_btns}</var>
</assign>
<msg timestamp="20200726 19:08:39.966" level="INFO">${del_btns} = []</msg>
<status status="PASS" starttime="20200726 19:08:37.911" endtime="20200726 19:08:39.967"></status>
</kw>
<kw name="Exit For Loop If" library="BuiltIn">
<doc>Stops executing the enclosing for loop if the ``condition`` is true.</doc>
<arguments>
<arg>$del_btns==[]</arg>
</arguments>
<msg timestamp="20200726 19:08:39.967" level="INFO">Exiting for loop altogether.</msg>
<status status="PASS" starttime="20200726 19:08:39.967" endtime="20200726 19:08:39.967"></status>
</kw>
<status status="PASS" starttime="20200726 19:08:37.911" endtime="20200726 19:08:39.967"></status>
</kw>
<status status="PASS" starttime="20200726 19:08:35.194" endtime="20200726 19:08:39.967"></status>
</kw>
<status status="PASS" starttime="20200726 19:08:35.092" endtime="20200726 19:08:39.968"></status>
</kw>
<kw name="addCourse" library="rc">
<arguments>
<arg>初中语文</arg>
<arg>初中语文</arg>
<arg>1</arg>
</arguments>
<kw name="Click Element" library="SeleniumLibrary">
<doc>Click the element identified by ``locator``.</doc>
<arguments>
<arg>css=[ui-sref="course"]</arg>
</arguments>
<msg timestamp="20200726 19:08:39.968" level="INFO">Clicking element 'css=[ui-sref="course"]'.</msg>
<status status="PASS" starttime="20200726 19:08:39.968" endtime="20200726 19:08:40.000"></status>
</kw>
<kw name="Click Element" library="SeleniumLibrary">
<doc>Click the element identified by ``locator``.</doc>
<arguments>
<arg>css=[ng-click="showAddOne=true"]</arg>
</arguments>
<msg timestamp="20200726 19:08:40.001" level="INFO">Clicking element 'css=[ng-click="showAddOne=true"]'.</msg>
<status status="PASS" starttime="20200726 19:08:40.000" endtime="20200726 19:08:40.072"></status>
</kw>
<kw name="Input Text" library="SeleniumLibrary">
<doc>Types the given ``text`` into the text field identified by ``locator``.</doc>
<arguments>
<arg>css=[ng-model="addData.name"]</arg>
<arg>${name}</arg>
</arguments>
<msg timestamp="20200726 19:08:40.074" level="INFO">Typing text '初中语文' into text field 'css=[ng-model="addData.name"]'.</msg>
<status status="PASS" starttime="20200726 19:08:40.073" endtime="20200726 19:08:40.209"></status>
</kw>
<kw name="Input Text" library="SeleniumLibrary">
<doc>Types the given ``text`` into the text field identified by ``locator``.</doc>
<arguments>
<arg>css=[ng-model="addData.desc"]</arg>
<arg>${desc}</arg>
</arguments>
<msg timestamp="20200726 19:08:40.210" level="INFO">Typing text '初中语文' into text field 'css=[ng-model="addData.desc"]'.</msg>
<status status="PASS" starttime="20200726 19:08:40.210" endtime="20200726 19:08:40.354"></status>
</kw>
<kw name="Input Text" library="SeleniumLibrary">
<doc>Types the given ``text`` into the text field identified by ``locator``.</doc>
<arguments>
<arg>css=[ng-model="addData.display_idx"]</arg>
<arg>${idx}</arg>
</arguments>
<msg timestamp="20200726 19:08:40.355" level="INFO">Typing text '1' into text field 'css=[ng-model="addData.display_idx"]'.</msg>
<status status="PASS" starttime="20200726 19:08:40.355" endtime="20200726 19:08:40.482"></status>
</kw>
<kw name="Click Element" library="SeleniumLibrary">
<doc>Click the element identified by ``locator``.</doc>
<arguments>
<arg>css=[ng-click="addOne()"]</arg>
</arguments>
<msg timestamp="20200726 19:08:40.482" level="INFO">Clicking element 'css=[ng-click="addOne()"]'.</msg>
<status status="PASS" starttime="20200726 19:08:40.482" endtime="20200726 19:08:40.548"></status>
</kw>
<kw name="Sleep" library="BuiltIn">
<doc>Pauses the test executed for the given time.</doc>
<arguments>
<arg>1</arg>
</arguments>
<msg timestamp="20200726 19:08:41.549" level="INFO">Slept 1 second</msg>
<status status="PASS" starttime="20200726 19:08:40.548" endtime="20200726 19:08:41.549"></status>
</kw>
<status status="PASS" starttime="20200726 19:08:39.968" endtime="20200726 19:08:41.549"></status>
</kw>
<kw name="addCourse" library="rc">
<arguments>
<arg>初中数学</arg>
<arg>初中数学</arg>
<arg>2</arg>
</arguments>
<kw name="Click Element" library="SeleniumLibrary">
<doc>Click the element identified by ``locator``.</doc>
<arguments>
<arg>css=[ui-sref="course"]</arg>
</arguments>
<msg timestamp="20200726 19:08:41.550" level="INFO">Clicking element 'css=[ui-sref="course"]'.</msg>
<status status="PASS" starttime="20200726 19:08:41.550" endtime="20200726 19:08:41.586"></status>
</kw>
<kw name="Click Element" library="SeleniumLibrary">
<doc>Click the element identified by ``locator``.</doc>
<arguments>
<arg>css=[ng-click="showAddOne=true"]</arg>
</arguments>
<msg timestamp="20200726 19:08:41.586" level="INFO">Clicking element 'css=[ng-click="showAddOne=true"]'.</msg>
<status status="PASS" starttime="20200726 19:08:41.586" endtime="20200726 19:08:41.642"></status>
</kw>
<kw name="Input Text" library="SeleniumLibrary">
<doc>Types the given ``text`` into the text field identified by ``locator``.</doc>
<arguments>
<arg>css=[ng-model="addData.name"]</arg>
<arg>${name}</arg>
</arguments>
<msg timestamp="20200726 19:08:41.643" level="INFO">Typing text '初中数学' into text field 'css=[ng-model="addData.name"]'.</msg>
<status status="PASS" starttime="20200726 19:08:41.643" endtime="20200726 19:08:41.757"></status>
</kw>
<kw name="Input Text" library="SeleniumLibrary">
<doc>Types the given ``text`` into the text field identified by ``locator``.</doc>
<arguments>
<arg>css=[ng-model="addData.desc"]</arg>
<arg>${desc}</arg>
</arguments>
<msg timestamp="20200726 19:08:41.759" level="INFO">Typing text '初中数学' into text field 'css=[ng-model="addData.desc"]'.</msg>
<status status="PASS" starttime="20200726 19:08:41.758" endtime="20200726 19:08:41.861"></status>
</kw>
<kw name="Input Text" library="SeleniumLibrary">
<doc>Types the given ``text`` into the text field identified by ``locator``.</doc>
<arguments>
<arg>css=[ng-model="addData.display_idx"]</arg>
<arg>${idx}</arg>
</arguments>
<msg timestamp="20200726 19:08:41.861" level="INFO">Typing text '2' into text field 'css=[ng-model="addData.display_idx"]'.</msg>
<status status="PASS" starttime="20200726 19:08:41.861" endtime="20200726 19:08:41.944"></status>
</kw>
<kw name="Click Element" library="SeleniumLibrary">
<doc>Click the element identified by ``locator``.</doc>
<arguments>
<arg>css=[ng-click="addOne()"]</arg>
</arguments>
<msg timestamp="20200726 19:08:41.945" level="INFO">Clicking element 'css=[ng-click="addOne()"]'.</msg>
<status status="PASS" starttime="20200726 19:08:41.944" endtime="20200726 19:08:41.994"></status>
</kw>
<kw name="Sleep" library="BuiltIn">
<doc>Pauses the test executed for the given time.</doc>
<arguments>
<arg>1</arg>
</arguments>
<msg timestamp="20200726 19:08:42.995" level="INFO">Slept 1 second</msg>
<status status="PASS" starttime="20200726 19:08:41.994" endtime="20200726 19:08:42.995"></status>
</kw>
<status status="PASS" starttime="20200726 19:08:41.550" endtime="20200726 19:08:42.995"></status>
</kw>
<status status="PASS" starttime="20200726 19:08:29.206" endtime="20200726 19:08:42.995"></status>
</kw>
<kw name="addTeacher" library="rc">
<arguments>
<arg>小明</arg>
<arg>xiaoming</arg>
<arg>语文老师</arg>
<arg>1</arg>
<arg>初中语文</arg>
</arguments>
<kw name="Click Element" library="SeleniumLibrary">
<doc>Click the element identified by ``locator``.</doc>
<arguments>
<arg>css=[ui-sref="teacher"]</arg>
</arguments>
<msg timestamp="20200726 19:08:42.997" level="INFO">Clicking element 'css=[ui-sref="teacher"]'.</msg>
<status status="PASS" starttime="20200726 19:08:42.995" endtime="20200726 19:08:43.058"></status>
</kw>
<kw name="Click Element" library="SeleniumLibrary">
<doc>Click the element identified by ``locator``.</doc>
<arguments>
<arg>css=[ng-click="showAddOne=true"]</arg>
</arguments>
<msg timestamp="20200726 19:08:43.059" level="INFO">Clicking element 'css=[ng-click="showAddOne=true"]'.</msg>
<status status="PASS" starttime="20200726 19:08:43.058" endtime="20200726 19:08:43.134"></status>
</kw>
<kw name="Input Text" library="SeleniumLibrary">
<doc>Types the given ``text`` into the text field identified by ``locator``.</doc>
<arguments>
<arg>css=[ng-model="addEditData.realname"]</arg>
<arg>${realname}</arg>
</arguments>
<msg timestamp="20200726 19:08:43.134" level="INFO">Typing text '小明' into text field 'css=[ng-model="addEditData.realname"]'.</msg>
<status status="PASS" starttime="20200726 19:08:43.134" endtime="20200726 19:08:43.267"></status>
</kw>
<kw name="Input Text" library="SeleniumLibrary">
<doc>Types the given ``text`` into the text field identified by ``locator``.</doc>
<arguments>
<arg>css=[ng-model="addEditData.username"]</arg>
<arg>${username}</arg>
</arguments>
<msg timestamp="20200726 19:08:43.268" level="INFO">Typing text 'xiaoming' into text field 'css=[ng-model="addEditData.username"]'.</msg>
<status status="PASS" starttime="20200726 19:08:43.267" endtime="20200726 19:08:43.423"></status>
</kw>
<kw name="Input Text" library="SeleniumLibrary">
<doc>Types the given ``text`` into the text field identified by ``locator``.</doc>
<arguments>
<arg>css=[ng-model="addEditData.desc"]</arg>
<arg>${desc}</arg>
</arguments>
<msg timestamp="20200726 19:08:43.424" level="INFO">Typing text '语文老师' into text field 'css=[ng-model="addEditData.desc"]'.</msg>
<status status="PASS" starttime="20200726 19:08:43.424" endtime="20200726 19:08:43.557"></status>
</kw>
<kw name="Input Text" library="SeleniumLibrary">
<doc>Types the given ``text`` into the text field identified by ``locator``.</doc>
<arguments>
<arg>css=[ng-model="addEditData.display_idx"]</arg>
<arg>${idx}</arg>
</arguments>
<msg timestamp="20200726 19:08:43.558" level="INFO">Typing text '1' into text field 'css=[ng-model="addEditData.display_idx"]'.</msg>
<status status="PASS" starttime="20200726 19:08:43.557" endtime="20200726 19:08:43.673"></status>
</kw>
<kw name="Select From List By Label" library="SeleniumLibrary">
<doc>Selects options from selection list ``locator`` by ``labels``.</doc>
<arguments>
<arg>css=[ng-model*="courseSelected"]</arg>
<arg>${course}</arg>
</arguments>
<msg timestamp="20200726 19:08:43.674" level="INFO">Selecting options from selection list 'css=[ng-model*="courseSelected"]' by label 初中语文.</msg>
<status status="PASS" starttime="20200726 19:08:43.673" endtime="20200726 19:08:43.763"></status>
</kw>
<kw name="Click Element" library="SeleniumLibrary">
<doc>Click the element identified by ``locator``.</doc>
<arguments>
<arg>css=[ng-click*="addTeachCourse"]</arg>
</arguments>
<msg timestamp="20200726 19:08:43.764" level="INFO">Clicking element 'css=[ng-click*="addTeachCourse"]'.</msg>
<status status="PASS" starttime="20200726 19:08:43.763" endtime="20200726 19:08:43.826"></status>
</kw>
<kw name="Click Element" library="SeleniumLibrary">
<doc>Click the element identified by ``locator``.</doc>
<arguments>
<arg>css=[ng-click="addOne()"]</arg>
</arguments>
<msg timestamp="20200726 19:08:43.827" level="INFO">Clicking element 'css=[ng-click="addOne()"]'.</msg>
<status status="PASS" starttime="20200726 19:08:43.827" endtime="20200726 19:08:43.898"></status>
</kw>
<kw name="Sleep" library="BuiltIn">
<doc>Pauses the test executed for the given time.</doc>
<arguments>
<arg>1</arg>
</arguments>
<msg timestamp="20200726 19:08:44.899" level="INFO">Slept 1 second</msg>
<status status="PASS" starttime="20200726 19:08:43.898" endtime="20200726 19:08:44.899"></status>
</kw>
<status status="PASS" starttime="20200726 19:08:42.995" endtime="20200726 19:08:44.899"></status>
</kw>
<kw name="checkTeacher" library="rc">
<arguments>
<arg>xiaoming</arg>
</arguments>
<kw name="Click Element" library="SeleniumLibrary">
<doc>Click the element identified by ``locator``.</doc>
<arguments>
<arg>css=[ui-sref="teacher"]</arg>
</arguments>
<msg timestamp="20200726 19:08:44.900" level="INFO">Clicking element 'css=[ui-sref="teacher"]'.</msg>
<status status="PASS" starttime="20200726 19:08:44.900" endtime="20200726 19:08:44.935"></status>
</kw>
<kw name="Get WebElements" library="SeleniumLibrary">
<doc>Returns a list of WebElement objects matching the ``locator``.</doc>
<arguments>
<arg>css=tbody td:nth-child(3)</arg>
</arguments>
<assign>
<var>${teachers}</var>
</assign>
<msg timestamp="20200726 19:08:44.950" level="INFO">${teachers} = [&lt;selenium.webdriver.remote.webelement.WebElement (session="b0621b296bdd0fe28970e2ba7da48399", element="cb68fd7f-e5da-4f5e-986c-cfb99aa54cf2")&gt;]</msg>
<status status="PASS" starttime="20200726 19:08:44.935" endtime="20200726 19:08:44.950"></status>
</kw>
<kw name="Evaluate" library="BuiltIn">
<doc>Evaluates the given expression in Python and returns the result.</doc>
<arguments>
<arg>[teacher.text for teacher in $teachers]</arg>
</arguments>
<assign>
<var>${res}</var>
</assign>
<msg timestamp="20200726 19:08:44.967" level="INFO">${res} = ['xiaoming']</msg>
<status status="PASS" starttime="20200726 19:08:44.950" endtime="20200726 19:08:44.968"></status>
</kw>
<kw name="Log" library="BuiltIn">
<doc>Logs the given message with the given level.</doc>
<arguments>
<arg>${expect}</arg>
</arguments>
<msg timestamp="20200726 19:08:44.968" level="INFO">['xiaoming']</msg>
<status status="PASS" starttime="20200726 19:08:44.968" endtime="20200726 19:08:44.968"></status>
</kw>
<kw name="Should Be True" library="BuiltIn">
<doc>Fails if the given condition is not true.</doc>
<arguments>
<arg>$res==$expect</arg>
</arguments>
<status status="PASS" starttime="20200726 19:08:44.968" endtime="20200726 19:08:44.969"></status>
</kw>
<status status="PASS" starttime="20200726 19:08:44.900" endtime="20200726 19:08:44.969"></status>
</kw>
<kw name="addTeacher" library="rc">
<arguments>
<arg>小红</arg>
<arg>xiaohong</arg>
<arg>数学老师</arg>
<arg>2</arg>
<arg>初中数学</arg>
</arguments>
<kw name="Click Element" library="SeleniumLibrary">
<doc>Click the element identified by ``locator``.</doc>
<arguments>
<arg>css=[ui-sref="teacher"]</arg>
</arguments>
<msg timestamp="20200726 19:08:44.971" level="INFO">Clicking element 'css=[ui-sref="teacher"]'.</msg>
<status status="PASS" starttime="20200726 19:08:44.971" endtime="20200726 19:08:45.002"></status>
</kw>
<kw name="Click Element" library="SeleniumLibrary">
<doc>Click the element identified by ``locator``.</doc>
<arguments>
<arg>css=[ng-click="showAddOne=true"]</arg>
</arguments>
<msg timestamp="20200726 19:08:45.003" level="INFO">Clicking element 'css=[ng-click="showAddOne=true"]'.</msg>
<status status="PASS" starttime="20200726 19:08:45.002" endtime="20200726 19:08:45.055"></status>
</kw>
<kw name="Input Text" library="SeleniumLibrary">
<doc>Types the given ``text`` into the text field identified by ``locator``.</doc>
<arguments>
<arg>css=[ng-model="addEditData.realname"]</arg>
<arg>${realname}</arg>
</arguments>
<msg timestamp="20200726 19:08:45.056" level="INFO">Typing text '小红' into text field 'css=[ng-model="addEditData.realname"]'.</msg>
<status status="PASS" starttime="20200726 19:08:45.055" endtime="20200726 19:08:45.154"></status>
</kw>
<kw name="Input Text" library="SeleniumLibrary">
<doc>Types the given ``text`` into the text field identified by ``locator``.</doc>
<arguments>
<arg>css=[ng-model="addEditData.username"]</arg>
<arg>${username}</arg>
</arguments>
<msg timestamp="20200726 19:08:45.155" level="INFO">Typing text 'xiaohong' into text field 'css=[ng-model="addEditData.username"]'.</msg>
<status status="PASS" starttime="20200726 19:08:45.155" endtime="20200726 19:08:45.278"></status>
</kw>
<kw name="Input Text" library="SeleniumLibrary">
<doc>Types the given ``text`` into the text field identified by ``locator``.</doc>
<arguments>
<arg>css=[ng-model="addEditData.desc"]</arg>
<arg>${desc}</arg>
</arguments>
<msg timestamp="20200726 19:08:45.278" level="INFO">Typing text '数学老师' into text field 'css=[ng-model="addEditData.desc"]'.</msg>
<status status="PASS" starttime="20200726 19:08:45.278" endtime="20200726 19:08:45.376"></status>
</kw>
<kw name="Input Text" library="SeleniumLibrary">
<doc>Types the given ``text`` into the text field identified by ``locator``.</doc>
<arguments>
<arg>css=[ng-model="addEditData.display_idx"]</arg>
<arg>${idx}</arg>
</arguments>
<msg timestamp="20200726 19:08:45.377" level="INFO">Typing text '2' into text field 'css=[ng-model="addEditData.display_idx"]'.</msg>
<status status="PASS" starttime="20200726 19:08:45.377" endtime="20200726 19:08:45.459"></status>
</kw>
<kw name="Select From List By Label" library="SeleniumLibrary">
<doc>Selects options from selection list ``locator`` by ``labels``.</doc>
<arguments>
<arg>css=[ng-model*="courseSelected"]</arg>
<arg>${course}</arg>
</arguments>
<msg timestamp="20200726 19:08:45.460" level="INFO">Selecting options from selection list 'css=[ng-model*="courseSelected"]' by label 初中数学.</msg>
<status status="PASS" starttime="20200726 19:08:45.459" endtime="20200726 19:08:45.533"></status>
</kw>
<kw name="Click Element" library="SeleniumLibrary">
<doc>Click the element identified by ``locator``.</doc>
<arguments>
<arg>css=[ng-click*="addTeachCourse"]</arg>
</arguments>
<msg timestamp="20200726 19:08:45.533" level="INFO">Clicking element 'css=[ng-click*="addTeachCourse"]'.</msg>
<status status="PASS" starttime="20200726 19:08:45.533" endtime="20200726 19:08:45.589"></status>
</kw>
<kw name="Click Element" library="SeleniumLibrary">
<doc>Click the element identified by ``locator``.</doc>
<arguments>
<arg>css=[ng-click="addOne()"]</arg>
</arguments>
<msg timestamp="20200726 19:08:45.590" level="INFO">Clicking element 'css=[ng-click="addOne()"]'.</msg>
<status status="PASS" starttime="20200726 19:08:45.589" endtime="20200726 19:08:45.641"></status>
</kw>
<kw name="Sleep" library="BuiltIn">
<doc>Pauses the test executed for the given time.</doc>
<arguments>
<arg>1</arg>
</arguments>
<msg timestamp="20200726 19:08:46.642" level="INFO">Slept 1 second</msg>
<status status="PASS" starttime="20200726 19:08:45.641" endtime="20200726 19:08:46.642"></status>
</kw>
<status status="PASS" starttime="20200726 19:08:44.970" endtime="20200726 19:08:46.642"></status>
</kw>
<kw name="checkTeacher" library="rc">
<arguments>
<arg>xiaoming</arg>
<arg>xiaohong</arg>
</arguments>
<kw name="Click Element" library="SeleniumLibrary">
<doc>Click the element identified by ``locator``.</doc>
<arguments>
<arg>css=[ui-sref="teacher"]</arg>
</arguments>
<msg timestamp="20200726 19:08:46.643" level="INFO">Clicking element 'css=[ui-sref="teacher"]'.</msg>
<status status="PASS" starttime="20200726 19:08:46.643" endtime="20200726 19:08:46.675"></status>
</kw>
<kw name="Get WebElements" library="SeleniumLibrary">
<doc>Returns a list of WebElement objects matching the ``locator``.</doc>
<arguments>
<arg>css=tbody td:nth-child(3)</arg>
</arguments>
<assign>
<var>${teachers}</var>
</assign>
<msg timestamp="20200726 19:08:46.684" level="INFO">${teachers} = [&lt;selenium.webdriver.remote.webelement.WebElement (session="b0621b296bdd0fe28970e2ba7da48399", element="2331d11d-6bd4-4660-8565-c7160ff17382")&gt;, &lt;selenium.webdriver.remote.webelement.WebElement (sessi...</msg>
<status status="PASS" starttime="20200726 19:08:46.675" endtime="20200726 19:08:46.684"></status>
</kw>
<kw name="Evaluate" library="BuiltIn">
<doc>Evaluates the given expression in Python and returns the result.</doc>
<arguments>
<arg>[teacher.text for teacher in $teachers]</arg>
</arguments>
<assign>
<var>${res}</var>
</assign>
<msg timestamp="20200726 19:08:46.727" level="INFO">${res} = ['xiaoming', 'xiaohong']</msg>
<status status="PASS" starttime="20200726 19:08:46.684" endtime="20200726 19:08:46.728"></status>
</kw>
<kw name="Log" library="BuiltIn">
<doc>Logs the given message with the given level.</doc>
<arguments>
<arg>${expect}</arg>
</arguments>
<msg timestamp="20200726 19:08:46.728" level="INFO">['xiaoming', 'xiaohong']</msg>
<status status="PASS" starttime="20200726 19:08:46.728" endtime="20200726 19:08:46.728"></status>
</kw>
<kw name="Should Be True" library="BuiltIn">
<doc>Fails if the given condition is not true.</doc>
<arguments>
<arg>$res==$expect</arg>
</arguments>
<status status="PASS" starttime="20200726 19:08:46.728" endtime="20200726 19:08:46.729"></status>
</kw>
<status status="PASS" starttime="20200726 19:08:46.643" endtime="20200726 19:08:46.729"></status>
</kw>
<status status="PASS" starttime="20200726 19:08:29.203" endtime="20200726 19:08:46.729" critical="yes"></status>
</test>
<status status="PASS" starttime="20200726 19:08:29.193" endtime="20200726 19:08:46.731"></status>
</suite>
<status status="PASS" starttime="20200726 19:08:29.185" endtime="20200726 19:08:46.735"></status>
</suite>
<suite id="s1-s1-s2" name="课程管理" source="D:\learn-automated-testing\code\RF\day5\homework\testcase\管理员操作\课程管理">
<suite id="s1-s1-s2-s1" name="添加课程" source="D:\learn-automated-testing\code\RF\day5\homework\testcase\管理员操作\课程管理\添加课程.robot">
<test id="s1-s1-s2-s1-t1" name="添加课程">
<kw name="deleteAllLesson" library="rc" type="setup">
<kw name="Click Element" library="SeleniumLibrary">
<doc>Click the element identified by ``locator``.</doc>
<arguments>
<arg>css=[ui-sref="course"]</arg>
</arguments>
<msg timestamp="20200726 19:08:46.761" level="INFO">Clicking element 'css=[ui-sref="course"]'.</msg>
<status status="PASS" starttime="20200726 19:08:46.761" endtime="20200726 19:08:46.805"></status>
</kw>
<kw name="Set Selenium Implicit Wait" library="SeleniumLibrary">
<doc>Sets the implicit wait value used by Selenium.</doc>
<arguments>
<arg>2</arg>
</arguments>
<status status="PASS" starttime="20200726 19:08:46.805" endtime="20200726 19:08:46.807"></status>
</kw>
<kw name="${i} IN RANGE [ 9999 ]" type="for">
<kw name="${i} = 0" type="foritem">
<kw name="Get WebElements" library="SeleniumLibrary">
<doc>Returns a list of WebElement objects matching the ``locator``.</doc>
<arguments>
<arg>css=[ng-click="delOne(one)"</arg>
</arguments>
<assign>
<var>${del_btns}</var>
</assign>
<msg timestamp="20200726 19:08:46.837" level="INFO">${del_btns} = [&lt;selenium.webdriver.remote.webelement.WebElement (session="b0621b296bdd0fe28970e2ba7da48399", element="db7a0e35-ab86-4333-94b6-581b0fb46e3e")&gt;, &lt;selenium.webdriver.remote.webelement.WebElement (sessi...</msg>
<status status="PASS" starttime="20200726 19:08:46.808" endtime="20200726 19:08:46.837"></status>
</kw>
<kw name="Exit For Loop If" library="BuiltIn">
<doc>Stops executing the enclosing for loop if the ``condition`` is true.</doc>
<arguments>
<arg>$del_btns==[]</arg>
</arguments>
<status status="PASS" starttime="20200726 19:08:46.838" endtime="20200726 19:08:46.838"></status>
</kw>
<kw name="Click Element" library="SeleniumLibrary">
<doc>Click the element identified by ``locator``.</doc>
<arguments>
<arg>${del_btns}[0]</arg>
</arguments>
<msg timestamp="20200726 19:08:46.840" level="INFO">Clicking element '&lt;selenium.webdriver.remote.webelement.WebElement (session="b0621b296bdd0fe28970e2ba7da48399", element="db7a0e35-ab86-4333-94b6-581b0fb46e3e")&gt;'.</msg>
<status status="PASS" starttime="20200726 19:08:46.839" endtime="20200726 19:08:46.893"></status>
</kw>
<kw name="Click Element" library="SeleniumLibrary">
<doc>Click the element identified by ``locator``.</doc>
<arguments>
<arg>css=.btn-primary</arg>
</arguments>
<msg timestamp="20200726 19:08:46.893" level="INFO">Clicking element 'css=.btn-primary'.</msg>
<status status="PASS" starttime="20200726 19:08:46.893" endtime="20200726 19:08:47.145"></status>
</kw>
<kw name="Sleep" library="BuiltIn">
<doc>Pauses the test executed for the given time.</doc>
<arguments>
<arg>1</arg>
</arguments>
<msg timestamp="20200726 19:08:48.146" level="INFO">Slept 1 second</msg>
<status status="PASS" starttime="20200726 19:08:47.145" endtime="20200726 19:08:48.146"></status>
</kw>
<status status="PASS" starttime="20200726 19:08:46.808" endtime="20200726 19:08:48.146"></status>
</kw>
<kw name="${i} = 1" type="foritem">
<kw name="Get WebElements" library="SeleniumLibrary">
<doc>Returns a list of WebElement objects matching the ``locator``.</doc>
<arguments>
<arg>css=[ng-click="delOne(one)"</arg>
</arguments>
<assign>
<var>${del_btns}</var>
</assign>
<msg timestamp="20200726 19:08:48.154" level="INFO">${del_btns} = [&lt;selenium.webdriver.remote.webelement.WebElement (session="b0621b296bdd0fe28970e2ba7da48399", element="ab9076cf-b93d-4c62-9478-3db587f7589b")&gt;]</msg>
<status status="PASS" starttime="20200726 19:08:48.147" endtime="20200726 19:08:48.154"></status>
</kw>
<kw name="Exit For Loop If" library="BuiltIn">
<doc>Stops executing the enclosing for loop if the ``condition`` is true.</doc>
<arguments>
<arg>$del_btns==[]</arg>
</arguments>
<status status="PASS" starttime="20200726 19:08:48.154" endtime="20200726 19:08:48.155"></status>
</kw>
<kw name="Click Element" library="SeleniumLibrary">
<doc>Click the element identified by ``locator``.</doc>
<arguments>
<arg>${del_btns}[0]</arg>
</arguments>
<msg timestamp="20200726 19:08:48.155" level="INFO">Clicking element '&lt;selenium.webdriver.remote.webelement.WebElement (session="b0621b296bdd0fe28970e2ba7da48399", element="ab9076cf-b93d-4c62-9478-3db587f7589b")&gt;'.</msg>
<status status="PASS" starttime="20200726 19:08:48.155" endtime="20200726 19:08:48.196"></status>
</kw>
<kw name="Click Element" library="SeleniumLibrary">
<doc>Click the element identified by ``locator``.</doc>
<arguments>
<arg>css=.btn-primary</arg>
</arguments>
<msg timestamp="20200726 19:08:48.196" level="INFO">Clicking element 'css=.btn-primary'.</msg>
<status status="PASS" starttime="20200726 19:08:48.196" endtime="20200726 19:08:48.440"></status>
</kw>
<kw name="Sleep" library="BuiltIn">
<doc>Pauses the test executed for the given time.</doc>
<arguments>
<arg>1</arg>
</arguments>
<msg timestamp="20200726 19:08:49.441" level="INFO">Slept 1 second</msg>
<status status="PASS" starttime="20200726 19:08:48.441" endtime="20200726 19:08:49.441"></status>
</kw>
<status status="PASS" starttime="20200726 19:08:48.146" endtime="20200726 19:08:49.441"></status>
</kw>
<kw name="${i} = 2" type="foritem">
<kw name="Get WebElements" library="SeleniumLibrary">
<doc>Returns a list of WebElement objects matching the ``locator``.</doc>
<arguments>
<arg>css=[ng-click="delOne(one)"</arg>
</arguments>
<assign>
<var>${del_btns}</var>
</assign>
<msg timestamp="20200726 19:08:51.458" level="INFO">${del_btns} = []</msg>
<status status="PASS" starttime="20200726 19:08:49.441" endtime="20200726 19:08:51.459"></status>
</kw>
<kw name="Exit For Loop If" library="BuiltIn">
<doc>Stops executing the enclosing for loop if the ``condition`` is true.</doc>
<arguments>
<arg>$del_btns==[]</arg>
</arguments>
<msg timestamp="20200726 19:08:51.459" level="INFO">Exiting for loop altogether.</msg>
<status status="PASS" starttime="20200726 19:08:51.459" endtime="20200726 19:08:51.459"></status>
</kw>
<status status="PASS" starttime="20200726 19:08:49.441" endtime="20200726 19:08:51.459"></status>
</kw>
<status status="PASS" starttime="20200726 19:08:46.807" endtime="20200726 19:08:51.459"></status>
</kw>
<status status="PASS" starttime="20200726 19:08:46.760" endtime="20200726 19:08:51.460"></status>
</kw>
<kw name="addCourse" library="rc">
<arguments>
<arg>robotframe</arg>
<arg>RF课程</arg>
<arg>2</arg>
</arguments>
<kw name="Click Element" library="SeleniumLibrary">
<doc>Click the element identified by ``locator``.</doc>
<arguments>
<arg>css=[ui-sref="course"]</arg>
</arguments>
<msg timestamp="20200726 19:08:51.461" level="INFO">Clicking element 'css=[ui-sref="course"]'.</msg>
<status status="PASS" starttime="20200726 19:08:51.460" endtime="20200726 19:08:51.489"></status>
</kw>
<kw name="Click Element" library="SeleniumLibrary">
<doc>Click the element identified by ``locator``.</doc>
<arguments>
<arg>css=[ng-click="showAddOne=true"]</arg>
</arguments>
<msg timestamp="20200726 19:08:51.490" level="INFO">Clicking element 'css=[ng-click="showAddOne=true"]'.</msg>
<status status="PASS" starttime="20200726 19:08:51.489" endtime="20200726 19:08:51.539"></status>
</kw>
<kw name="Input Text" library="SeleniumLibrary">
<doc>Types the given ``text`` into the text field identified by ``locator``.</doc>
<arguments>
<arg>css=[ng-model="addData.name"]</arg>
<arg>${name}</arg>
</arguments>
<msg timestamp="20200726 19:08:51.540" level="INFO">Typing text 'robotframe' into text field 'css=[ng-model="addData.name"]'.</msg>
<status status="PASS" starttime="20200726 19:08:51.540" endtime="20200726 19:08:51.677"></status>
</kw>
<kw name="Input Text" library="SeleniumLibrary">
<doc>Types the given ``text`` into the text field identified by ``locator``.</doc>
<arguments>
<arg>css=[ng-model="addData.desc"]</arg>
<arg>${desc}</arg>
</arguments>
<msg timestamp="20200726 19:08:51.677" level="INFO">Typing text 'RF课程' into text field 'css=[ng-model="addData.desc"]'.</msg>
<status status="PASS" starttime="20200726 19:08:51.677" endtime="20200726 19:08:51.775"></status>
</kw>
<kw name="Input Text" library="SeleniumLibrary">
<doc>Types the given ``text`` into the text field identified by ``locator``.</doc>
<arguments>
<arg>css=[ng-model="addData.display_idx"]</arg>
<arg>${idx}</arg>
</arguments>
<msg timestamp="20200726 19:08:51.776" level="INFO">Typing text '2' into text field 'css=[ng-model="addData.display_idx"]'.</msg>
<status status="PASS" starttime="20200726 19:08:51.775" endtime="20200726 19:08:51.865"></status>
</kw>
<kw name="Click Element" library="SeleniumLibrary">
<doc>Click the element identified by ``locator``.</doc>
<arguments>
<arg>css=[ng-click="addOne()"]</arg>
</arguments>
<msg timestamp="20200726 19:08:51.866" level="INFO">Clicking element 'css=[ng-click="addOne()"]'.</msg>
<status status="PASS" starttime="20200726 19:08:51.865" endtime="20200726 19:08:51.921"></status>
</kw>
<kw name="Sleep" library="BuiltIn">
<doc>Pauses the test executed for the given time.</doc>
<arguments>
<arg>1</arg>
</arguments>
<msg timestamp="20200726 19:08:52.923" level="INFO">Slept 1 second</msg>
<status status="PASS" starttime="20200726 19:08:51.922" endtime="20200726 19:08:52.923"></status>
</kw>
<status status="PASS" starttime="20200726 19:08:51.460" endtime="20200726 19:08:52.923"></status>
</kw>
<kw name="checkCourse" library="rc">
<arguments>
<arg>robotframe</arg>
</arguments>
<kw name="Click Element" library="SeleniumLibrary">
<doc>Click the element identified by ``locator``.</doc>
<arguments>
<arg>css=[ui-sref="course"]</arg>
</arguments>
<msg timestamp="20200726 19:08:52.924" level="INFO">Clicking element 'css=[ui-sref="course"]'.</msg>
<status status="PASS" starttime="20200726 19:08:52.924" endtime="20200726 19:08:52.952"></status>
</kw>
<kw name="Get WebElements" library="SeleniumLibrary">
<doc>Returns a list of WebElement objects matching the ``locator``.</doc>
<arguments>
<arg>css=tbody td:nth-child(2)</arg>
</arguments>
<assign>
<var>${courses}</var>
</assign>
<msg timestamp="20200726 19:08:52.966" level="INFO">${courses} = [&lt;selenium.webdriver.remote.webelement.WebElement (session="b0621b296bdd0fe28970e2ba7da48399", element="32048561-423f-4a9e-8d17-a54732987a13")&gt;]</msg>
<status status="PASS" starttime="20200726 19:08:52.952" endtime="20200726 19:08:52.966"></status>
</kw>
<kw name="Evaluate" library="BuiltIn">
<doc>Evaluates the given expression in Python and returns the result.</doc>
<arguments>
<arg>[course.text for course in $courses]</arg>
</arguments>
<assign>
<var>${res}</var>
</assign>
<msg timestamp="20200726 19:08:52.981" level="INFO">${res} = ['robotframe']</msg>
<status status="PASS" starttime="20200726 19:08:52.967" endtime="20200726 19:08:52.981"></status>
</kw>
<kw name="Log" library="BuiltIn">
<doc>Logs the given message with the given level.</doc>
<arguments>
<arg>${expect}</arg>
</arguments>
<msg timestamp="20200726 19:08:52.981" level="INFO">['robotframe']</msg>
<status status="PASS" starttime="20200726 19:08:52.981" endtime="20200726 19:08:52.981"></status>
</kw>
<kw name="Should Be True" library="BuiltIn">
<doc>Fails if the given condition is not true.</doc>
<arguments>
<arg>$res==$expect</arg>
</arguments>
<status status="PASS" starttime="20200726 19:08:52.981" endtime="20200726 19:08:52.982"></status>
</kw>
<status status="PASS" starttime="20200726 19:08:52.924" endtime="20200726 19:08:52.982"></status>
</kw>
<kw name="addCourse" library="rc">
<arguments>
<arg>selenium</arg>
<arg>webUI课程</arg>
<arg>1</arg>
</arguments>
<kw name="Click Element" library="SeleniumLibrary">
<doc>Click the element identified by ``locator``.</doc>
<arguments>
<arg>css=[ui-sref="course"]</arg>
</arguments>
<msg timestamp="20200726 19:08:52.983" level="INFO">Clicking element 'css=[ui-sref="course"]'.</msg>
<status status="PASS" starttime="20200726 19:08:52.983" endtime="20200726 19:08:53.016"></status>
</kw>
<kw name="Click Element" library="SeleniumLibrary">
<doc>Click the element identified by ``locator``.</doc>
<arguments>
<arg>css=[ng-click="showAddOne=true"]</arg>
</arguments>
<msg timestamp="20200726 19:08:53.016" level="INFO">Clicking element 'css=[ng-click="showAddOne=true"]'.</msg>
<status status="PASS" starttime="20200726 19:08:53.016" endtime="20200726 19:08:53.049"></status>
</kw>
<kw name="Input Text" library="SeleniumLibrary">
<doc>Types the given ``text`` into the text field identified by ``locator``.</doc>
<arguments>
<arg>css=[ng-model="addData.name"]</arg>
<arg>${name}</arg>
</arguments>
<msg timestamp="20200726 19:08:53.050" level="INFO">Typing text 'selenium' into text field 'css=[ng-model="addData.name"]'.</msg>
<status status="PASS" starttime="20200726 19:08:53.050" endtime="20200726 19:08:53.158"></status>
</kw>
<kw name="Input Text" library="SeleniumLibrary">
<doc>Types the given ``text`` into the text field identified by ``locator``.</doc>
<arguments>
<arg>css=[ng-model="addData.desc"]</arg>
<arg>${desc}</arg>
</arguments>
<msg timestamp="20200726 19:08:53.159" level="INFO">Typing text 'webUI课程' into text field 'css=[ng-model="addData.desc"]'.</msg>
<status status="PASS" starttime="20200726 19:08:53.159" endtime="20200726 19:08:53.256"></status>
</kw>
<kw name="Input Text" library="SeleniumLibrary">
<doc>Types the given ``text`` into the text field identified by ``locator``.</doc>
<arguments>
<arg>css=[ng-model="addData.display_idx"]</arg>
<arg>${idx}</arg>
</arguments>
<msg timestamp="20200726 19:08:53.257" level="INFO">Typing text '1' into text field 'css=[ng-model="addData.display_idx"]'.</msg>
<status status="PASS" starttime="20200726 19:08:53.257" endtime="20200726 19:08:53.324"></status>
</kw>
<kw name="Click Element" library="SeleniumLibrary">
<doc>Click the element identified by ``locator``.</doc>
<arguments>
<arg>css=[ng-click="addOne()"]</arg>
</arguments>
<msg timestamp="20200726 19:08:53.324" level="INFO">Clicking element 'css=[ng-click="addOne()"]'.</msg>
<status status="PASS" starttime="20200726 19:08:53.324" endtime="20200726 19:08:53.372"></status>
</kw>
<kw name="Sleep" library="BuiltIn">
<doc>Pauses the test executed for the given time.</doc>
<arguments>
<arg>1</arg>
</arguments>
<msg timestamp="20200726 19:08:54.372" level="INFO">Slept 1 second</msg>
<status status="PASS" starttime="20200726 19:08:53.372" endtime="20200726 19:08:54.372"></status>
</kw>
<status status="PASS" starttime="20200726 19:08:52.983" endtime="20200726 19:08:54.372"></status>
</kw>
<kw name="checkCourse" library="rc">
<arguments>
<arg>selenium</arg>
<arg>robotframe</arg>
</arguments>
<kw name="Click Element" library="SeleniumLibrary">
<doc>Click the element identified by ``locator``.</doc>
<arguments>
<arg>css=[ui-sref="course"]</arg>
</arguments>
<msg timestamp="20200726 19:08:54.374" level="INFO">Clicking element 'css=[ui-sref="course"]'.</msg>
<status status="PASS" starttime="20200726 19:08:54.373" endtime="20200726 19:08:54.401"></status>
</kw>
<kw name="Get WebElements" library="SeleniumLibrary">
<doc>Returns a list of WebElement objects matching the ``locator``.</doc>
<arguments>
<arg>css=tbody td:nth-child(2)</arg>
</arguments>
<assign>
<var>${courses}</var>
</assign>
<msg timestamp="20200726 19:08:54.409" level="INFO">${courses} = [&lt;selenium.webdriver.remote.webelement.WebElement (session="b0621b296bdd0fe28970e2ba7da48399", element="c697268d-1ff8-4a94-902e-204d933163d7")&gt;, &lt;selenium.webdriver.remote.webelement.WebElement (sessi...</msg>
<status status="PASS" starttime="20200726 19:08:54.402" endtime="20200726 19:08:54.409"></status>
</kw>
<kw name="Evaluate" library="BuiltIn">
<doc>Evaluates the given expression in Python and returns the result.</doc>
<arguments>
<arg>[course.text for course in $courses]</arg>
</arguments>
<assign>
<var>${res}</var>
</assign>
<msg timestamp="20200726 19:08:54.439" level="INFO">${res} = ['selenium', 'robotframe']</msg>
<status status="PASS" starttime="20200726 19:08:54.409" endtime="20200726 19:08:54.439"></status>
</kw>
<kw name="Log" library="BuiltIn">
<doc>Logs the given message with the given level.</doc>
<arguments>
<arg>${expect}</arg>
</arguments>
<msg timestamp="20200726 19:08:54.439" level="INFO">['selenium', 'robotframe']</msg>
<status status="PASS" starttime="20200726 19:08:54.439" endtime="20200726 19:08:54.439"></status>
</kw>
<kw name="Should Be True" library="BuiltIn">
<doc>Fails if the given condition is not true.</doc>
<arguments>
<arg>$res==$expect</arg>
</arguments>
<status status="PASS" starttime="20200726 19:08:54.439" endtime="20200726 19:08:54.440"></status>
</kw>
<status status="PASS" starttime="20200726 19:08:54.373" endtime="20200726 19:08:54.440"></status>
</kw>
<status status="PASS" starttime="20200726 19:08:46.758" endtime="20200726 19:08:54.440" critical="yes"></status>
</test>
<status status="PASS" starttime="20200726 19:08:46.746" endtime="20200726 19:08:54.442"></status>
</suite>
<status status="PASS" starttime="20200726 19:08:46.740" endtime="20200726 19:08:54.447"></status>
</suite>
<status status="PASS" starttime="20200726 19:08:28.344" endtime="20200726 19:08:54.454"></status>
</suite>
<kw name="WebTeardown" library="rc" type="teardown">
<kw name="Close Browser" library="SeleniumLibrary">
<doc>Closes the current browser.</doc>
<status status="PASS" starttime="20200726 19:08:54.459" endtime="20200726 19:08:56.718"></status>
</kw>
<status status="PASS" starttime="20200726 19:08:54.459" endtime="20200726 19:08:56.718"></status>
</kw>
<status status="PASS" starttime="20200726 19:08:23.966" endtime="20200726 19:08:56.718"></status>
</suite>
<statistics>
<total>
<stat pass="2" fail="0">Critical Tests</stat>
<stat pass="2" fail="0">All Tests</stat>
</total>
<tag>
</tag>
<suite>
<stat pass="2" fail="0" id="s1" name="Testcase">Testcase</stat>
<stat pass="2" fail="0" id="s1-s1" name="管理员操作">Testcase.管理员操作</stat>
<stat pass="1" fail="0" id="s1-s1-s1" name="老师管理">Testcase.管理员操作.老师管理</stat>
<stat pass="1" fail="0" id="s1-s1-s1-s1" name="添加老师">Testcase.管理员操作.老师管理.添加老师</stat>
<stat pass="1" fail="0" id="s1-s1-s2" name="课程管理">Testcase.管理员操作.课程管理</stat>
<stat pass="1" fail="0" id="s1-s1-s2-s1" name="添加课程">Testcase.管理员操作.课程管理.添加课程</stat>
</suite>
</statistics>
<errors>
</errors>
</robot>
