<?xml version="1.0" encoding="UTF-8"?>
<robot generator="Robot 3.2.1 (Python 3.8.2 on win32)" generated="20200723 23:29:50.156" rpa="false">
<suite id="s1" name="Task" source="D:\learn-automated-testing\code\RF\day5\task">
<suite id="s1-s1" name="Python扩展库" source="D:\learn-automated-testing\code\RF\day5\task\python扩展库.robot">
<test id="s1-s1-t1" name="case1">
<kw name="Get User" library="task.stu_lib">
<assign>
<var>${user}</var>
</assign>
<msg timestamp="20200723 23:29:50.203" level="INFO">${user} = {'name': 'xiaoming', 'age': 12}</msg>
<status status="PASS" starttime="20200723 23:29:50.203" endtime="20200723 23:29:50.203"></status>
</kw>
<kw name="Log To Console" library="BuiltIn">
<doc>Logs the given message to the console.</doc>
<arguments>
<arg>${user}</arg>
</arguments>
<status status="PASS" starttime="20200723 23:29:50.204" endtime="20200723 23:29:50.204"></status>
</kw>
<status status="PASS" starttime="20200723 23:29:50.202" endtime="20200723 23:29:50.204" critical="yes"></status>
</test>
<status status="PASS" starttime="20200723 23:29:50.191" endtime="20200723 23:29:50.205"></status>
</suite>
<status status="PASS" starttime="20200723 23:29:50.159" endtime="20200723 23:29:50.207"></status>
</suite>
<statistics>
<total>
<stat pass="1" fail="0">Critical Tests</stat>
<stat pass="1" fail="0">All Tests</stat>
</total>
<tag>
</tag>
<suite>
<stat pass="1" fail="0" id="s1" name="Task">Task</stat>
<stat pass="1" fail="0" id="s1-s1" name="Python扩展库">Task.Python扩展库</stat>
</suite>
</statistics>
<errors>
</errors>
</robot>
