<?xml version="1.0" encoding="UTF-8"?>
<robot generator="Robot 3.2.1 (Python 3.8.2 on win32)" generated="20200723 22:31:07.749" rpa="false">
<suite id="s1" name="Homework" source="D:\learn-automated-testing\code\RF\day4\homework\homework.robot">
<kw name="WebSetup" library="rc" type="setup">
<kw name="Open Browser" library="SeleniumLibrary">
<doc>Opens a new browser instance to the optional ``url``.</doc>
<arguments>
<arg>http://localhost</arg>
<arg>chrome</arg>
</arguments>
<msg timestamp="20200723 22:31:08.086" level="INFO">Opening browser 'chrome' to base url 'http://localhost'.</msg>
<status status="PASS" starttime="20200723 22:31:08.086" endtime="20200723 22:31:11.927"></status>
</kw>
<kw name="Set Selenium Implicit Wait" library="SeleniumLibrary">
<doc>Sets the implicit wait value used by Selenium.</doc>
<arguments>
<arg>10</arg>
</arguments>
<status status="PASS" starttime="20200723 22:31:11.928" endtime="20200723 22:31:11.931"></status>
</kw>
<status status="PASS" starttime="20200723 22:31:08.085" endtime="20200723 22:31:11.931"></status>
</kw>
<test id="s1-t1" name="添加课程">
<kw name="deleteAllLesson" library="rc" type="setup">
<kw name="loginwebsite" library="rc">
<kw name="Go To" library="SeleniumLibrary">
<doc>Navigates the current browser window to the provided ``url``.</doc>
<arguments>
<arg>${test_env}</arg>
</arguments>
<msg timestamp="20200723 22:31:11.935" level="INFO">Opening url 'http://localhost/mgr/login/login.html'</msg>
<status status="PASS" starttime="20200723 22:31:11.935" endtime="20200723 22:31:12.418"></status>
</kw>
<kw name="Input Text" library="SeleniumLibrary">
<doc>Types the given ``text`` into the text field identified by ``locator``.</doc>
<arguments>
<arg>id=username</arg>
<arg>${user2}[name]</arg>
</arguments>
<msg timestamp="20200723 22:31:12.419" level="INFO">Typing text 'auto' into text field 'id=username'.</msg>
<status status="PASS" starttime="20200723 22:31:12.419" endtime="20200723 22:31:12.568"></status>
</kw>
<kw name="Input Text" library="SeleniumLibrary">
<doc>Types the given ``text`` into the text field identified by ``locator``.</doc>
<arguments>
<arg>id=password</arg>
<arg>${user2}[psw]</arg>
</arguments>
<msg timestamp="20200723 22:31:12.569" level="INFO">Typing text 'sdfsdfsdf' into text field 'id=password'.</msg>
<status status="PASS" starttime="20200723 22:31:12.569" endtime="20200723 22:31:12.716"></status>
</kw>
<kw name="Click Element" library="SeleniumLibrary">
<doc>Click the element identified by ``locator``.</doc>
<arguments>
<arg>css=.btn-success</arg>
</arguments>
<msg timestamp="20200723 22:31:12.716" level="INFO">Clicking element 'css=.btn-success'.</msg>
<status status="PASS" starttime="20200723 22:31:12.716" endtime="20200723 22:31:12.784"></status>
</kw>
<status status="PASS" starttime="20200723 22:31:11.935" endtime="20200723 22:31:12.785"></status>
</kw>
<kw name="Set Selenium Implicit Wait" library="SeleniumLibrary">
<doc>Sets the implicit wait value used by Selenium.</doc>
<arguments>
<arg>2</arg>
</arguments>
<status status="PASS" starttime="20200723 22:31:12.785" endtime="20200723 22:31:12.786"></status>
</kw>
<kw name="${i} IN RANGE [ 9999 ]" type="for">
<kw name="${i} = 0" type="foritem">
<kw name="Get WebElements" library="SeleniumLibrary">
<doc>Returns a list of WebElement objects matching the ``locator``.</doc>
<arguments>
<arg>css=[ng-click="delOne(one)"</arg>
</arguments>
<assign>
<var>${del_btns}</var>
</assign>
<msg timestamp="20200723 22:31:13.915" level="INFO">${del_btns} = [&lt;selenium.webdriver.remote.webelement.WebElement (session="71569e82dde2dff439b5399acf9e19b6", element="e2378318-14a3-44bd-a9ae-85ef546db6ae")&gt;, &lt;selenium.webdriver.remote.webelement.WebElement (sessi...</msg>
<status status="PASS" starttime="20200723 22:31:12.787" endtime="20200723 22:31:13.915"></status>
</kw>
<kw name="Exit For Loop If" library="BuiltIn">
<doc>Stops executing the enclosing for loop if the ``condition`` is true.</doc>
<arguments>
<arg>$del_btns==[]</arg>
</arguments>
<status status="PASS" starttime="20200723 22:31:13.915" endtime="20200723 22:31:13.920"></status>
</kw>
<kw name="Click Element" library="SeleniumLibrary">
<doc>Click the element identified by ``locator``.</doc>
<arguments>
<arg>${del_btns}[0]</arg>
</arguments>
<msg timestamp="20200723 22:31:13.920" level="INFO">Clicking element '&lt;selenium.webdriver.remote.webelement.WebElement (session="71569e82dde2dff439b5399acf9e19b6", element="e2378318-14a3-44bd-a9ae-85ef546db6ae")&gt;'.</msg>
<status status="PASS" starttime="20200723 22:31:13.920" endtime="20200723 22:31:13.980"></status>
</kw>
<kw name="Click Element" library="SeleniumLibrary">
<doc>Click the element identified by ``locator``.</doc>
<arguments>
<arg>css=.btn-primary</arg>
</arguments>
<msg timestamp="20200723 22:31:13.981" level="INFO">Clicking element 'css=.btn-primary'.</msg>
<status status="PASS" starttime="20200723 22:31:13.981" endtime="20200723 22:31:14.275"></status>
</kw>
<kw name="Sleep" library="BuiltIn">
<doc>Pauses the test executed for the given time.</doc>
<arguments>
<arg>1</arg>
</arguments>
<msg timestamp="20200723 22:31:15.279" level="INFO">Slept 1 second</msg>
<status status="PASS" starttime="20200723 22:31:14.276" endtime="20200723 22:31:15.279"></status>
</kw>
<status status="PASS" starttime="20200723 22:31:12.786" endtime="20200723 22:31:15.279"></status>
</kw>
<kw name="${i} = 1" type="foritem">
<kw name="Get WebElements" library="SeleniumLibrary">
<doc>Returns a list of WebElement objects matching the ``locator``.</doc>
<arguments>
<arg>css=[ng-click="delOne(one)"</arg>
</arguments>
<assign>
<var>${del_btns}</var>
</assign>
<msg timestamp="20200723 22:31:15.286" level="INFO">${del_btns} = [&lt;selenium.webdriver.remote.webelement.WebElement (session="71569e82dde2dff439b5399acf9e19b6", element="87bbfa22-ecc9-478a-9d5b-be54e73aecdf")&gt;]</msg>
<status status="PASS" starttime="20200723 22:31:15.279" endtime="20200723 22:31:15.287"></status>
</kw>
<kw name="Exit For Loop If" library="BuiltIn">
<doc>Stops executing the enclosing for loop if the ``condition`` is true.</doc>
<arguments>
<arg>$del_btns==[]</arg>
</arguments>
<status status="PASS" starttime="20200723 22:31:15.287" endtime="20200723 22:31:15.287"></status>
</kw>
<kw name="Click Element" library="SeleniumLibrary">
<doc>Click the element identified by ``locator``.</doc>
<arguments>
<arg>${del_btns}[0]</arg>
</arguments>
<msg timestamp="20200723 22:31:15.287" level="INFO">Clicking element '&lt;selenium.webdriver.remote.webelement.WebElement (session="71569e82dde2dff439b5399acf9e19b6", element="87bbfa22-ecc9-478a-9d5b-be54e73aecdf")&gt;'.</msg>
<status status="PASS" starttime="20200723 22:31:15.287" endtime="20200723 22:31:15.333"></status>
</kw>
<kw name="Click Element" library="SeleniumLibrary">
<doc>Click the element identified by ``locator``.</doc>
<arguments>
<arg>css=.btn-primary</arg>
</arguments>
<msg timestamp="20200723 22:31:15.334" level="INFO">Clicking element 'css=.btn-primary'.</msg>
<status status="PASS" starttime="20200723 22:31:15.333" endtime="20200723 22:31:15.578"></status>
</kw>
<kw name="Sleep" library="BuiltIn">
<doc>Pauses the test executed for the given time.</doc>
<arguments>
<arg>1</arg>
</arguments>
<msg timestamp="20200723 22:31:16.580" level="INFO">Slept 1 second</msg>
<status status="PASS" starttime="20200723 22:31:15.578" endtime="20200723 22:31:16.580"></status>
</kw>
<status status="PASS" starttime="20200723 22:31:15.279" endtime="20200723 22:31:16.580"></status>
</kw>
<kw name="${i} = 2" type="foritem">
<kw name="Get WebElements" library="SeleniumLibrary">
<doc>Returns a list of WebElement objects matching the ``locator``.</doc>
<arguments>
<arg>css=[ng-click="delOne(one)"</arg>
</arguments>
<assign>
<var>${del_btns}</var>
</assign>
<msg timestamp="20200723 22:31:18.617" level="INFO">${del_btns} = []</msg>
<status status="PASS" starttime="20200723 22:31:16.580" endtime="20200723 22:31:18.617"></status>
</kw>
<kw name="Exit For Loop If" library="BuiltIn">
<doc>Stops executing the enclosing for loop if the ``condition`` is true.</doc>
<arguments>
<arg>$del_btns==[]</arg>
</arguments>
<msg timestamp="20200723 22:31:18.618" level="INFO">Exiting for loop altogether.</msg>
<status status="PASS" starttime="20200723 22:31:18.617" endtime="20200723 22:31:18.618"></status>
</kw>
<status status="PASS" starttime="20200723 22:31:16.580" endtime="20200723 22:31:18.618"></status>
</kw>
<status status="PASS" starttime="20200723 22:31:12.786" endtime="20200723 22:31:18.618"></status>
</kw>
<status status="PASS" starttime="20200723 22:31:11.934" endtime="20200723 22:31:18.618"></status>
</kw>
<kw name="addCourse" library="rc">
<arguments>
<arg>robotframe</arg>
<arg>RF课程</arg>
<arg>2</arg>
</arguments>
<kw name="Click Element" library="SeleniumLibrary">
<doc>Click the element identified by ``locator``.</doc>
<arguments>
<arg>css=[ng-click="showAddOne=true"]</arg>
</arguments>
<msg timestamp="20200723 22:31:18.620" level="INFO">Clicking element 'css=[ng-click="showAddOne=true"]'.</msg>
<status status="PASS" starttime="20200723 22:31:18.619" endtime="20200723 22:31:18.681"></status>
</kw>
<kw name="Input Text" library="SeleniumLibrary">
<doc>Types the given ``text`` into the text field identified by ``locator``.</doc>
<arguments>
<arg>css=[ng-model="addData.name"]</arg>
<arg>${name}</arg>
</arguments>
<msg timestamp="20200723 22:31:18.682" level="INFO">Typing text 'robotframe' into text field 'css=[ng-model="addData.name"]'.</msg>
<status status="PASS" starttime="20200723 22:31:18.681" endtime="20200723 22:31:18.843"></status>
</kw>
<kw name="Input Text" library="SeleniumLibrary">
<doc>Types the given ``text`` into the text field identified by ``locator``.</doc>
<arguments>
<arg>css=[ng-model="addData.desc"]</arg>
<arg>${desc}</arg>
</arguments>
<msg timestamp="20200723 22:31:18.844" level="INFO">Typing text 'RF课程' into text field 'css=[ng-model="addData.desc"]'.</msg>
<status status="PASS" starttime="20200723 22:31:18.844" endtime="20200723 22:31:18.980"></status>
</kw>
<kw name="Input Text" library="SeleniumLibrary">
<doc>Types the given ``text`` into the text field identified by ``locator``.</doc>
<arguments>
<arg>css=[ng-model="addData.display_idx"]</arg>
<arg>${idx}</arg>
</arguments>
<msg timestamp="20200723 22:31:18.981" level="INFO">Typing text '2' into text field 'css=[ng-model="addData.display_idx"]'.</msg>
<status status="PASS" starttime="20200723 22:31:18.981" endtime="20200723 22:31:19.102"></status>
</kw>
<kw name="Click Element" library="SeleniumLibrary">
<doc>Click the element identified by ``locator``.</doc>
<arguments>
<arg>css=[ng-click="addOne()"]</arg>
</arguments>
<msg timestamp="20200723 22:31:19.103" level="INFO">Clicking element 'css=[ng-click="addOne()"]'.</msg>
<status status="PASS" starttime="20200723 22:31:19.102" endtime="20200723 22:31:19.178"></status>
</kw>
<kw name="Sleep" library="BuiltIn">
<doc>Pauses the test executed for the given time.</doc>
<arguments>
<arg>1</arg>
</arguments>
<msg timestamp="20200723 22:31:20.181" level="INFO">Slept 1 second</msg>
<status status="PASS" starttime="20200723 22:31:19.179" endtime="20200723 22:31:20.181"></status>
</kw>
<status status="PASS" starttime="20200723 22:31:18.619" endtime="20200723 22:31:20.181"></status>
</kw>
<kw name="checkCourse" library="rc">
<arguments>
<arg>robotframe</arg>
</arguments>
<kw name="Get WebElements" library="SeleniumLibrary">
<doc>Returns a list of WebElement objects matching the ``locator``.</doc>
<arguments>
<arg>css=tbody td:nth-child(2)</arg>
</arguments>
<assign>
<var>${courses}</var>
</assign>
<msg timestamp="20200723 22:31:20.194" level="INFO">${courses} = [&lt;selenium.webdriver.remote.webelement.WebElement (session="71569e82dde2dff439b5399acf9e19b6", element="0aa91c31-92c0-4a44-9409-0c0a7efcf3b9")&gt;]</msg>
<status status="PASS" starttime="20200723 22:31:20.182" endtime="20200723 22:31:20.194"></status>
</kw>
<kw name="Evaluate" library="BuiltIn">
<doc>Evaluates the given expression in Python and returns the result.</doc>
<arguments>
<arg>[course.text for course in $courses]</arg>
</arguments>
<assign>
<var>${res}</var>
</assign>
<msg timestamp="20200723 22:31:20.210" level="INFO">${res} = ['robotframe']</msg>
<status status="PASS" starttime="20200723 22:31:20.194" endtime="20200723 22:31:20.210"></status>
</kw>
<kw name="Log" library="BuiltIn">
<doc>Logs the given message with the given level.</doc>
<arguments>
<arg>${expect}</arg>
</arguments>
<msg timestamp="20200723 22:31:20.210" level="INFO">['robotframe']</msg>
<status status="PASS" starttime="20200723 22:31:20.210" endtime="20200723 22:31:20.210"></status>
</kw>
<kw name="Should Be True" library="BuiltIn">
<doc>Fails if the given condition is not true.</doc>
<arguments>
<arg>$res==$expect</arg>
</arguments>
<status status="PASS" starttime="20200723 22:31:20.210" endtime="20200723 22:31:20.211"></status>
</kw>
<status status="PASS" starttime="20200723 22:31:20.182" endtime="20200723 22:31:20.211"></status>
</kw>
<kw name="addCourse" library="rc">
<arguments>
<arg>selenium</arg>
<arg>webUI课程</arg>
<arg>1</arg>
</arguments>
<kw name="Click Element" library="SeleniumLibrary">
<doc>Click the element identified by ``locator``.</doc>
<arguments>
<arg>css=[ng-click="showAddOne=true"]</arg>
</arguments>
<msg timestamp="20200723 22:31:20.212" level="INFO">Clicking element 'css=[ng-click="showAddOne=true"]'.</msg>
<status status="PASS" starttime="20200723 22:31:20.212" endtime="20200723 22:31:20.247"></status>
</kw>
<kw name="Input Text" library="SeleniumLibrary">
<doc>Types the given ``text`` into the text field identified by ``locator``.</doc>
<arguments>
<arg>css=[ng-model="addData.name"]</arg>
<arg>${name}</arg>
</arguments>
<msg timestamp="20200723 22:31:20.247" level="INFO">Typing text 'selenium' into text field 'css=[ng-model="addData.name"]'.</msg>
<status status="PASS" starttime="20200723 22:31:20.247" endtime="20200723 22:31:20.412"></status>
</kw>
<kw name="Input Text" library="SeleniumLibrary">
<doc>Types the given ``text`` into the text field identified by ``locator``.</doc>
<arguments>
<arg>css=[ng-model="addData.desc"]</arg>
<arg>${desc}</arg>
</arguments>
<msg timestamp="20200723 22:31:20.413" level="INFO">Typing text 'webUI课程' into text field 'css=[ng-model="addData.desc"]'.</msg>
<status status="PASS" starttime="20200723 22:31:20.412" endtime="20200723 22:31:20.537"></status>
</kw>
<kw name="Input Text" library="SeleniumLibrary">
<doc>Types the given ``text`` into the text field identified by ``locator``.</doc>
<arguments>
<arg>css=[ng-model="addData.display_idx"]</arg>
<arg>${idx}</arg>
</arguments>
<msg timestamp="20200723 22:31:20.537" level="INFO">Typing text '1' into text field 'css=[ng-model="addData.display_idx"]'.</msg>
<status status="PASS" starttime="20200723 22:31:20.537" endtime="20200723 22:31:20.643"></status>
</kw>
<kw name="Click Element" library="SeleniumLibrary">
<doc>Click the element identified by ``locator``.</doc>
<arguments>
<arg>css=[ng-click="addOne()"]</arg>
</arguments>
<msg timestamp="20200723 22:31:20.644" level="INFO">Clicking element 'css=[ng-click="addOne()"]'.</msg>
<status status="PASS" starttime="20200723 22:31:20.644" endtime="20200723 22:31:20.686"></status>
</kw>
<kw name="Sleep" library="BuiltIn">
<doc>Pauses the test executed for the given time.</doc>
<arguments>
<arg>1</arg>
</arguments>
<msg timestamp="20200723 22:31:21.688" level="INFO">Slept 1 second</msg>
<status status="PASS" starttime="20200723 22:31:20.687" endtime="20200723 22:31:21.688"></status>
</kw>
<status status="PASS" starttime="20200723 22:31:20.212" endtime="20200723 22:31:21.689"></status>
</kw>
<kw name="checkCourse" library="rc">
<arguments>
<arg>selenium</arg>
<arg>robotframe</arg>
</arguments>
<kw name="Get WebElements" library="SeleniumLibrary">
<doc>Returns a list of WebElement objects matching the ``locator``.</doc>
<arguments>
<arg>css=tbody td:nth-child(2)</arg>
</arguments>
<assign>
<var>${courses}</var>
</assign>
<msg timestamp="20200723 22:31:21.699" level="INFO">${courses} = [&lt;selenium.webdriver.remote.webelement.WebElement (session="71569e82dde2dff439b5399acf9e19b6", element="56c7f1b2-f102-488f-b63c-232ea277c5ae")&gt;, &lt;selenium.webdriver.remote.webelement.WebElement (sessi...</msg>
<status status="PASS" starttime="20200723 22:31:21.691" endtime="20200723 22:31:21.699"></status>
</kw>
<kw name="Evaluate" library="BuiltIn">
<doc>Evaluates the given expression in Python and returns the result.</doc>
<arguments>
<arg>[course.text for course in $courses]</arg>
</arguments>
<assign>
<var>${res}</var>
</assign>
<msg timestamp="20200723 22:31:21.726" level="INFO">${res} = ['selenium', 'robotframe']</msg>
<status status="PASS" starttime="20200723 22:31:21.699" endtime="20200723 22:31:21.726"></status>
</kw>
<kw name="Log" library="BuiltIn">
<doc>Logs the given message with the given level.</doc>
<arguments>
<arg>${expect}</arg>
</arguments>
<msg timestamp="20200723 22:31:21.726" level="INFO">['selenium', 'robotframe']</msg>
<status status="PASS" starttime="20200723 22:31:21.726" endtime="20200723 22:31:21.727"></status>
</kw>
<kw name="Should Be True" library="BuiltIn">
<doc>Fails if the given condition is not true.</doc>
<arguments>
<arg>$res==$expect</arg>
</arguments>
<status status="PASS" starttime="20200723 22:31:21.727" endtime="20200723 22:31:21.727"></status>
</kw>
<status status="PASS" starttime="20200723 22:31:21.691" endtime="20200723 22:31:21.727"></status>
</kw>
<status status="PASS" starttime="20200723 22:31:11.931" endtime="20200723 22:31:21.728" critical="yes"></status>
</test>
<kw name="WebTeardown" library="rc" type="teardown">
<kw name="Close Browser" library="SeleniumLibrary">
<doc>Closes the current browser.</doc>
<status status="PASS" starttime="20200723 22:31:21.729" endtime="20200723 22:31:24.000"></status>
</kw>
<status status="PASS" starttime="20200723 22:31:21.729" endtime="20200723 22:31:24.000"></status>
</kw>
<status status="PASS" starttime="20200723 22:31:07.750" endtime="20200723 22:31:24.000"></status>
</suite>
<statistics>
<total>
<stat pass="1" fail="0">Critical Tests</stat>
<stat pass="1" fail="0">All Tests</stat>
</total>
<tag>
</tag>
<suite>
<stat pass="1" fail="0" id="s1" name="Homework">Homework</stat>
</suite>
</statistics>
<errors>
</errors>
</robot>
